<?xml version="1.0" encoding="UTF-8"?>
<!-- Generated by org.testng.reporters.JUnitReportReporter -->
<testsuite hostname="AanganM" failures="0" tests="5" name="tests.LoginTest" time="28.521" errors="0" timestamp="2024-09-15T21:17:28 CDT" skipped="0">
  <testcase classname="tests.LoginTest" name="loginErrorMsgTC1" time="4.893"/>
  <system-out/>
  <testcase classname="tests.LoginTest" name="loginToSalesForceTC2" time="4.817"/>
  <system-out/>
  <testcase classname="tests.LoginTest" name="checkRememberMeTC3" time="9.964"/>
  <system-out/>
  <testcase classname="tests.LoginTest" name="forgotPasswordTC4a" time="2.448"/>
  <system-out/>
  <testcase classname="tests.LoginTest" name="invalidUsernameTC4b" time="6.399"/>
  <system-out/>
</testsuite> <!-- tests.LoginTest -->
