<?xml version="1.0" encoding="UTF-8"?>
<!-- Generated by org.testng.reporters.JUnitReportReporter -->
<testsuite hostname="AanganM" failures="0" tests="1" name="tests.CreateAccountTest" time="24.475" errors="0" timestamp="2024-09-15T21:38:40 CDT" skipped="0">
  <testcase classname="tests.CreateAccountTest" name="mergeAccountsTC13" time="24.475"/>
  <system-out/>
</testsuite> <!-- tests.CreateAccountTest -->
